2018-06-24T04:23:03.825Z - normal: Load ~/.CocosCreator/settings.json
2018-06-24T04:23:03.825Z - normal: checking language setting...
2018-06-24T04:23:03.825Z - normal: Language: zh
2018-06-24T04:23:11.576Z - success: protocol editor-framework registered
2018-06-24T04:23:11.576Z - success: protocol app registered
2018-06-24T04:23:11.576Z - success: protocol theme registered
2018-06-24T04:23:11.576Z - success: protocol packages registered
2018-06-24T04:23:11.576Z - success: protocol unpack registerred
2018-06-24T04:23:11.576Z - success: protocol disable-commonjs registerred
2018-06-24T04:23:11.783Z - normal: connected!
2018-06-24T04:23:11.783Z - normal: Check project G:\akicocos\start_project
2018-06-24T04:23:11.783Z - normal: Initializing Cocos2d
2018-06-24T04:23:14.925Z - normal: Initializing Asset Database
2018-06-24T04:23:15.050Z - success: protocol uuid registerred
2018-06-24T04:23:15.050Z - success: protocol db registerred
2018-06-24T04:23:15.050Z - success: protocol thumbnail registerred
2018-06-24T04:23:15.050Z - normal: Loading editor/builtin packages
2018-06-24T04:23:15.175Z - success: anysdk loaded
2018-06-24T04:23:15.394Z - success: assets loaded
2018-06-24T04:23:15.394Z - success: builder loaded
2018-06-24T04:23:15.394Z - success: cocos-analytics loaded
2018-06-24T04:23:15.394Z - success: console loaded
2018-06-24T04:23:15.441Z - success: fb-instant-games loaded
2018-06-24T04:23:15.456Z - success: hierarchy loaded
2018-06-24T04:23:15.456Z - success: inspector loaded
2018-06-24T04:23:15.456Z - success: keystore loaded
2018-06-24T04:23:15.456Z - success: node-library loaded
2018-06-24T04:23:15.456Z - success: package-asset loaded
2018-06-24T04:23:15.472Z - success: preferences loaded
2018-06-24T04:23:15.472Z - success: project-exporter loaded
2018-06-24T04:23:15.487Z - success: project-importer loaded
2018-06-24T04:23:15.487Z - success: project-settings loaded
2018-06-24T04:23:15.487Z - success: ui-kit loaded
2018-06-24T04:23:15.534Z - success: ui-grid loaded
2018-06-24T04:23:15.550Z - success: scene loaded
2018-06-24T04:23:15.550Z - success: sprite-editor loaded
2018-06-24T04:23:15.550Z - success: store loaded
2018-06-24T04:23:15.550Z - success: timeline loaded
2018-06-24T04:23:15.550Z - normal: Loading builtin packages
2018-06-24T04:23:15.690Z - success: asset-db-debugger loaded
2018-06-24T04:23:15.706Z - success: code-editor loaded
2018-06-24T04:23:15.706Z - success: color-picker loaded
2018-06-24T04:23:15.722Z - success: package-manager loaded
2018-06-24T04:23:15.722Z - success: qqplay-adapter loaded
2018-06-24T04:23:15.737Z - success: sdkbox loaded
2018-06-24T04:23:15.753Z - success: tester loaded
2018-06-24T04:23:15.769Z - success: ui-kit-preview-extra loaded
2018-06-24T04:23:15.769Z - success: ui-kit-preview loaded
2018-06-24T04:23:15.784Z - success: ui-tree loaded
2018-06-24T04:23:15.784Z - success: weapp-adapter loaded
2018-06-24T04:23:18.069Z - normal: Initializing project G:\akicocos\start_project
2018-06-24T04:23:18.085Z - normal: Loading packages
2018-06-24T04:23:18.085Z - normal: Watching packages
2018-06-24T04:23:18.740Z - normal: Run Application
2018-06-24T04:23:21.275Z - success: preview server running at http://localhost:7456
2018-06-24T04:23:31.949Z - error: Failed to remove menu in path: 开发者/UI Preview/ui-tree (could not be found)
    at Menu.remove (C:\CocosCreator\resources\app.asar\editor-framework\lib\main\menu.js:1:6080)
    at Object.MainMenu.remove (C:\CocosCreator\resources\app.asar\editor-framework\lib\main\main-menu.js:1:4485)
    at Async.series.a (C:\CocosCreator\resources\app.asar\editor-framework\lib\main\package.js:1:5122)
    at C:\CocosCreator\resources\app.asar\node_modules\async\lib\async.js:718:13
    at Immediate.iterate (C:\CocosCreator\resources\app.asar\node_modules\async\lib\async.js:262:13)
    at runCallback (timers.js:672:20)
    at tryOnImmediate (timers.js:645:5)
    at processImmediate [as _immediateCallback] (timers.js:617:5)
2018-06-24T04:23:31.949Z - success: ui-tree unloaded
2018-06-24T04:23:31.949Z - error: Failed to remove menu in path: 开发者/UI Preview/ui-grid (could not be found)
    at Menu.remove (C:\CocosCreator\resources\app.asar\editor-framework\lib\main\menu.js:1:6080)
    at Object.MainMenu.remove (C:\CocosCreator\resources\app.asar\editor-framework\lib\main\main-menu.js:1:4485)
    at Async.series.a (C:\CocosCreator\resources\app.asar\editor-framework\lib\main\package.js:1:5122)
    at C:\CocosCreator\resources\app.asar\node_modules\async\lib\async.js:718:13
    at Immediate.iterate (C:\CocosCreator\resources\app.asar\node_modules\async\lib\async.js:262:13)
    at runCallback (timers.js:672:20)
    at tryOnImmediate (timers.js:645:5)
    at processImmediate [as _immediateCallback] (timers.js:617:5)
2018-06-24T04:23:31.953Z - error: Failed to remove menu in path: 开发者/UI Preview/ui-grid-webview (could not be found)
    at Menu.remove (C:\CocosCreator\resources\app.asar\editor-framework\lib\main\menu.js:1:6080)
    at Object.MainMenu.remove (C:\CocosCreator\resources\app.asar\editor-framework\lib\main\main-menu.js:1:4485)
    at Async.series.a (C:\CocosCreator\resources\app.asar\editor-framework\lib\main\package.js:1:5122)
    at C:\CocosCreator\resources\app.asar\node_modules\async\lib\async.js:718:13
    at Immediate.iterate (C:\CocosCreator\resources\app.asar\node_modules\async\lib\async.js:262:13)
    at runCallback (timers.js:672:20)
    at tryOnImmediate (timers.js:645:5)
    at processImmediate [as _immediateCallback] (timers.js:617:5)
2018-06-24T04:23:31.953Z - success: ui-grid unloaded
2018-06-24T04:23:31.953Z - error: Failed to remove menu in path: 开发者/UI Preview/ui-tree (could not be found)
    at Menu.remove (C:\CocosCreator\resources\app.asar\editor-framework\lib\main\menu.js:1:6080)
    at Object.MainMenu.remove (C:\CocosCreator\resources\app.asar\editor-framework\lib\main\main-menu.js:1:4485)
    at Async.series.a (C:\CocosCreator\resources\app.asar\editor-framework\lib\main\package.js:1:5122)
    at C:\CocosCreator\resources\app.asar\node_modules\async\lib\async.js:718:13
    at Immediate.iterate (C:\CocosCreator\resources\app.asar\node_modules\async\lib\async.js:262:13)
    at runCallback (timers.js:672:20)
    at tryOnImmediate (timers.js:645:5)
    at processImmediate [as _immediateCallback] (timers.js:617:5)
2018-06-24T04:23:31.957Z - failed: Failed to uncache module main.js: Cannot find it.
2018-06-24T04:23:31.957Z - success: ui-tree unloaded
2018-06-24T04:23:31.957Z - error: Failed to remove menu in path: 开发者/UI Preview/ui-grid (could not be found)
    at Menu.remove (C:\CocosCreator\resources\app.asar\editor-framework\lib\main\menu.js:1:6080)
    at Object.MainMenu.remove (C:\CocosCreator\resources\app.asar\editor-framework\lib\main\main-menu.js:1:4485)
    at Async.series.a (C:\CocosCreator\resources\app.asar\editor-framework\lib\main\package.js:1:5122)
    at C:\CocosCreator\resources\app.asar\node_modules\async\lib\async.js:718:13
    at Immediate.iterate (C:\CocosCreator\resources\app.asar\node_modules\async\lib\async.js:262:13)
    at runCallback (timers.js:672:20)
    at tryOnImmediate (timers.js:645:5)
    at processImmediate [as _immediateCallback] (timers.js:617:5)
2018-06-24T04:23:31.957Z - error: Failed to remove menu in path: 开发者/UI Preview/ui-grid-webview (could not be found)
    at Menu.remove (C:\CocosCreator\resources\app.asar\editor-framework\lib\main\menu.js:1:6080)
    at Object.MainMenu.remove (C:\CocosCreator\resources\app.asar\editor-framework\lib\main\main-menu.js:1:4485)
    at Async.series.a (C:\CocosCreator\resources\app.asar\editor-framework\lib\main\package.js:1:5122)
    at C:\CocosCreator\resources\app.asar\node_modules\async\lib\async.js:718:13
    at Immediate.iterate (C:\CocosCreator\resources\app.asar\node_modules\async\lib\async.js:262:13)
    at runCallback (timers.js:672:20)
    at tryOnImmediate (timers.js:645:5)
    at processImmediate [as _immediateCallback] (timers.js:617:5)
2018-06-24T04:23:31.957Z - failed: Failed to uncache module main.js: Cannot find it.
2018-06-24T04:23:31.957Z - success: ui-grid unloaded
2018-06-24T04:23:31.978Z - failed: Failed to load panel "panel.preview" from "ui-tree", the panelID ui-tree.preview already exists
2018-06-24T04:23:31.988Z - failed: Failed to load panel "panel.preview" from "ui-grid", the panelID ui-grid.preview already exists
2018-06-24T04:23:31.988Z - failed: Failed to load panel "panel.preview-webview" from "ui-grid", the panelID ui-grid.preview-webview already exists
2018-06-24T04:23:32.013Z - success: ui-tree loaded
2018-06-24T04:23:32.013Z - success: ui-grid loaded
2018-06-24T04:23:32.013Z - success: ui-tree loaded
2018-06-24T04:23:32.013Z - success: ui-grid loaded
2018-06-24T04:23:32.362Z - error: Failed to remove menu in path: 开发者/UI Preview/ui-grid (could not be found)
    at Menu.remove (C:\CocosCreator\resources\app.asar\editor-framework\lib\main\menu.js:1:6080)
    at Object.MainMenu.remove (C:\CocosCreator\resources\app.asar\editor-framework\lib\main\main-menu.js:1:4485)
    at Async.series.a (C:\CocosCreator\resources\app.asar\editor-framework\lib\main\package.js:1:5122)
    at C:\CocosCreator\resources\app.asar\node_modules\async\lib\async.js:718:13
    at Immediate.iterate (C:\CocosCreator\resources\app.asar\node_modules\async\lib\async.js:262:13)
    at runCallback (timers.js:672:20)
    at tryOnImmediate (timers.js:645:5)
    at processImmediate [as _immediateCallback] (timers.js:617:5)
2018-06-24T04:23:32.362Z - error: Failed to remove menu in path: 开发者/UI Preview/ui-grid-webview (could not be found)
    at Menu.remove (C:\CocosCreator\resources\app.asar\editor-framework\lib\main\menu.js:1:6080)
    at Object.MainMenu.remove (C:\CocosCreator\resources\app.asar\editor-framework\lib\main\main-menu.js:1:4485)
    at Async.series.a (C:\CocosCreator\resources\app.asar\editor-framework\lib\main\package.js:1:5122)
    at C:\CocosCreator\resources\app.asar\node_modules\async\lib\async.js:718:13
    at Immediate.iterate (C:\CocosCreator\resources\app.asar\node_modules\async\lib\async.js:262:13)
    at runCallback (timers.js:672:20)
    at tryOnImmediate (timers.js:645:5)
    at processImmediate [as _immediateCallback] (timers.js:617:5)
2018-06-24T04:23:32.362Z - success: ui-grid unloaded
2018-06-24T04:23:32.370Z - success: ui-grid loaded
2018-06-24T04:23:35.863Z - normal: 1.9.2
2018-06-24T04:23:36.801Z - warn: The 'type' attribute of 'Game.scoreAudio' must be child class of cc.Asset, otherwise you should use 'url: cc.AudioClip' instead
2018-06-24T04:23:36.805Z - warn: The 'type' attribute of 'Player.jumpAudio' must be child class of cc.Asset, otherwise you should use 'url: cc.AudioClip' instead
2018-06-24T04:23:46.729Z - success: VS Code extension installed to C:\Users\aki\.vscode\extensions
2018-06-24T04:24:46.473Z - success: API data generated and copied to G:\akicocos\start_project\creator.d.ts
